<?xml version="1.0" encoding="UTF-8"?>
<!-- Generated by org.testng.reporters.JUnitXMLReporter -->
<testsuite ignored="0" hostname="DESKTOP-AI3DK3O" failures="0" tests="1" name="Test" time="5.297" errors="0" timestamp="2023-02-08T16:36:24 IST">
  <testcase classname="base.Testcases" name="@BeforeClass before" time="5.062">
    <failure type="org.openqa.selenium.SessionNotCreatedException" message="Could not start a new session. Response code 500. Message: An unknown server-side error occurred while processing the command. Original error: &amp;apos;app&amp;apos; option is required for reinstall 
Host info: host: &amp;apos;DESKTOP-AI3DK3O&amp;apos;, ip: &amp;apos;192.168.1.32&amp;apos;
Build info: version: &amp;apos;4.8.0&amp;apos;, revision: &amp;apos;267030adea&amp;apos;
System info: os.name: &amp;apos;Windows 10&amp;apos;, os.arch: &amp;apos;amd64&amp;apos;, os.version: &amp;apos;10.0&amp;apos;, java.version: &amp;apos;18.0.2.1&amp;apos;
Driver info: io.appium.java_client.android.AndroidDriver
Command: [null, newSession {capabilities=[{appium:appActivity=kr.sira.unit.Intro, appium:appPackage=kr.sira.unit, appium:automationName=Appium, appium:deviceName=AndroidEmulator, platformName=ANDROID, appium:platformVersion=12}], desiredCapabilities=Capabilities {appActivity: kr.sira.unit.Intro, appPackage: kr.sira.unit, automationName: Appium, deviceName: AndroidEmulator, platformName: ANDROID, platformVersion: 12}}]
Capabilities {}">
      <![CDATA[org.openqa.selenium.SessionNotCreatedException: Could not start a new session. Response code 500. Message: An unknown server-side error occurred while processing the command. Original error: 'app' option is required for reinstall 
Host info: host: 'DESKTOP-AI3DK3O', ip: '192.168.1.32'
Build info: version: '4.8.0', revision: '267030adea'
System info: os.name: 'Windows 10', os.arch: 'amd64', os.version: '10.0', java.version: '18.0.2.1'
Driver info: io.appium.java_client.android.AndroidDriver
Command: [null, newSession {capabilities=[{appium:appActivity=kr.sira.unit.Intro, appium:appPackage=kr.sira.unit, appium:automationName=Appium, appium:deviceName=AndroidEmulator, platformName=ANDROID, appium:platformVersion=12}], desiredCapabilities=Capabilities {appActivity: kr.sira.unit.Intro, appPackage: kr.sira.unit, automationName: Appium, deviceName: AndroidEmulator, platformName: ANDROID, platformVersion: 12}}]
Capabilities {}
at org.openqa.selenium.remote.ProtocolHandshake.createSession(ProtocolHandshake.java:148)
at io.appium.java_client.remote.AppiumProtocolHandshake.createSession(AppiumProtocolHandshake.java:133)
at io.appium.java_client.remote.AppiumProtocolHandshake.createSession(AppiumProtocolHandshake.java:102)
at io.appium.java_client.remote.AppiumCommandExecutor.createSession(AppiumCommandExecutor.java:194)
at io.appium.java_client.remote.AppiumCommandExecutor.execute(AppiumCommandExecutor.java:262)
at org.openqa.selenium.remote.RemoteWebDriver.execute(RemoteWebDriver.java:543)
at io.appium.java_client.AppiumDriver.startSession(AppiumDriver.java:229)
at org.openqa.selenium.remote.RemoteWebDriver.<init>(RemoteWebDriver.java:157)
at io.appium.java_client.AppiumDriver.<init>(AppiumDriver.java:80)
at io.appium.java_client.AppiumDriver.<init>(AppiumDriver.java:92)
at io.appium.java_client.android.AndroidDriver.<init>(AndroidDriver.java:117)
at appom.Capabilities.initialize_driver(Capabilities.java:30)
at base.Testcases.before(Testcases.java:26)
at java.base/java.util.ArrayList.forEach(ArrayList.java:1511)
... Removed 25 stack frames]]>
    </failure>
  </testcase> <!-- @BeforeClass before -->
  <testcase classname="base.Testcases" name="@AfterClass teardown" time="-1.675854384308E9">
    <skipped/>
  </testcase> <!-- @AfterClass teardown -->
  <testcase classname="base.Testcases" name="testpage" time="0.0">
    <skipped/>
  </testcase> <!-- testpage -->
</testsuite> <!-- Test -->
